[2022-12-04 04:37:26,380: INFO/MainProcess] beat: Starting...
[2022-12-04 04:37:29,478: INFO/MainProcess] beat: Starting...
[2022-12-04 04:37:29,486: ERROR/MainProcess] Removing corrupted schedule file 'celerybeat-schedule': error(11, 'Resource temporarily unavailable')
Traceback (most recent call last):
  File "/usr/local/lib/python3.10/site-packages/celery/beat.py", line 533, in setup_schedule
    self._store = self._open_schedule()
  File "/usr/local/lib/python3.10/site-packages/celery/beat.py", line 523, in _open_schedule
    return self.persistence.open(self.schedule_filename, writeback=True)
  File "/usr/local/lib/python3.10/shelve.py", line 243, in open
    return DbfilenameShelf(filename, flag, protocol, writeback)
  File "/usr/local/lib/python3.10/shelve.py", line 227, in __init__
    Shelf.__init__(self, dbm.open(filename, flag), protocol, writeback)
  File "/usr/local/lib/python3.10/dbm/__init__.py", line 95, in open
    return mod.open(file, flag, mode)
_gdbm.error: [Errno 11] Resource temporarily unavailable: 'celerybeat-schedule'
[2022-12-04 04:37:36,411: INFO/MainProcess] Scheduler: Sending due task run-task-ten-seconds (extract)
[2022-12-04 04:37:39,500: INFO/MainProcess] Scheduler: Sending due task run-task-ten-seconds (extract)
[2022-12-04 04:37:46,404: INFO/MainProcess] Scheduler: Sending due task run-task-ten-seconds (extract)
[2022-12-04 04:37:49,493: INFO/MainProcess] Scheduler: Sending due task run-task-ten-seconds (extract)
[2022-12-04 04:37:56,404: INFO/MainProcess] Scheduler: Sending due task run-task-ten-seconds (extract)
[2022-12-04 04:37:59,493: INFO/MainProcess] Scheduler: Sending due task run-task-ten-seconds (extract)
[2022-12-04 04:38:06,405: INFO/MainProcess] Scheduler: Sending due task run-task-ten-seconds (extract)
[2022-12-04 04:38:09,494: INFO/MainProcess] Scheduler: Sending due task run-task-ten-seconds (extract)
[2022-12-04 04:38:16,405: INFO/MainProcess] Scheduler: Sending due task run-task-ten-seconds (extract)
[2022-12-04 04:38:19,494: INFO/MainProcess] Scheduler: Sending due task run-task-ten-seconds (extract)
[2022-12-04 04:38:26,405: INFO/MainProcess] Scheduler: Sending due task run-task-ten-seconds (extract)
[2022-12-04 04:38:29,494: INFO/MainProcess] Scheduler: Sending due task run-task-ten-seconds (extract)
[2022-12-04 04:38:36,405: INFO/MainProcess] Scheduler: Sending due task run-task-ten-seconds (extract)
[2022-12-04 04:38:39,495: INFO/MainProcess] Scheduler: Sending due task run-task-ten-seconds (extract)
[2022-12-04 04:38:46,406: INFO/MainProcess] Scheduler: Sending due task run-task-ten-seconds (extract)
[2022-12-04 04:38:49,495: INFO/MainProcess] Scheduler: Sending due task run-task-ten-seconds (extract)
[2022-12-04 04:38:56,406: INFO/MainProcess] Scheduler: Sending due task run-task-ten-seconds (extract)
[2022-12-04 04:38:59,495: INFO/MainProcess] Scheduler: Sending due task run-task-ten-seconds (extract)
[2022-12-04 04:39:06,406: INFO/MainProcess] Scheduler: Sending due task run-task-ten-seconds (extract)
[2022-12-04 04:39:09,495: INFO/MainProcess] Scheduler: Sending due task run-task-ten-seconds (extract)
[2022-12-04 04:39:16,406: INFO/MainProcess] Scheduler: Sending due task run-task-ten-seconds (extract)
[2022-12-04 04:39:19,495: INFO/MainProcess] Scheduler: Sending due task run-task-ten-seconds (extract)
[2022-12-04 04:39:26,406: INFO/MainProcess] Scheduler: Sending due task run-task-ten-seconds (extract)
[2022-12-04 04:39:29,495: INFO/MainProcess] Scheduler: Sending due task run-task-ten-seconds (extract)
[2022-12-04 04:39:36,406: INFO/MainProcess] Scheduler: Sending due task run-task-ten-seconds (extract)
[2022-12-04 04:39:39,495: INFO/MainProcess] Scheduler: Sending due task run-task-ten-seconds (extract)
[2022-12-04 04:39:46,406: INFO/MainProcess] Scheduler: Sending due task run-task-ten-seconds (extract)
[2022-12-04 04:39:49,496: INFO/MainProcess] Scheduler: Sending due task run-task-ten-seconds (extract)
[2022-12-04 04:39:56,407: INFO/MainProcess] Scheduler: Sending due task run-task-ten-seconds (extract)
[2022-12-04 04:39:59,496: INFO/MainProcess] Scheduler: Sending due task run-task-ten-seconds (extract)
[2022-12-04 04:40:06,407: INFO/MainProcess] Scheduler: Sending due task run-task-ten-seconds (extract)
[2022-12-04 04:40:09,496: INFO/MainProcess] Scheduler: Sending due task run-task-ten-seconds (extract)
[2022-12-04 04:40:16,407: INFO/MainProcess] Scheduler: Sending due task run-task-ten-seconds (extract)
[2022-12-04 04:40:19,496: INFO/MainProcess] Scheduler: Sending due task run-task-ten-seconds (extract)
[2022-12-04 04:40:26,407: INFO/MainProcess] Scheduler: Sending due task run-task-ten-seconds (extract)
[2022-12-04 04:40:29,496: INFO/MainProcess] Scheduler: Sending due task run-task-ten-seconds (extract)
[2022-12-04 04:40:36,407: INFO/MainProcess] Scheduler: Sending due task run-task-ten-seconds (extract)
[2022-12-04 04:40:39,496: INFO/MainProcess] Scheduler: Sending due task run-task-ten-seconds (extract)
[2022-12-04 04:40:46,408: INFO/MainProcess] Scheduler: Sending due task run-task-ten-seconds (extract)
[2022-12-04 04:40:49,496: INFO/MainProcess] Scheduler: Sending due task run-task-ten-seconds (extract)
[2022-12-04 04:40:56,408: INFO/MainProcess] Scheduler: Sending due task run-task-ten-seconds (extract)
[2022-12-04 04:40:59,497: INFO/MainProcess] Scheduler: Sending due task run-task-ten-seconds (extract)
[2022-12-04 04:41:06,408: INFO/MainProcess] Scheduler: Sending due task run-task-ten-seconds (extract)
[2022-12-04 04:41:09,497: INFO/MainProcess] Scheduler: Sending due task run-task-ten-seconds (extract)
[2022-12-04 04:41:16,408: INFO/MainProcess] Scheduler: Sending due task run-task-ten-seconds (extract)
[2022-12-04 04:41:19,497: INFO/MainProcess] Scheduler: Sending due task run-task-ten-seconds (extract)
[2022-12-04 04:41:26,408: INFO/MainProcess] Scheduler: Sending due task run-task-ten-seconds (extract)
[2022-12-04 04:41:29,498: INFO/MainProcess] Scheduler: Sending due task run-task-ten-seconds (extract)
[2022-12-04 04:41:36,408: INFO/MainProcess] Scheduler: Sending due task run-task-ten-seconds (extract)
[2022-12-04 04:41:39,498: INFO/MainProcess] Scheduler: Sending due task run-task-ten-seconds (extract)
[2022-12-04 04:41:46,408: INFO/MainProcess] Scheduler: Sending due task run-task-ten-seconds (extract)
[2022-12-04 04:41:49,498: INFO/MainProcess] Scheduler: Sending due task run-task-ten-seconds (extract)
[2022-12-04 04:41:56,408: INFO/MainProcess] Scheduler: Sending due task run-task-ten-seconds (extract)
[2022-12-04 04:41:59,498: INFO/MainProcess] Scheduler: Sending due task run-task-ten-seconds (extract)
[2022-12-04 04:42:06,409: INFO/MainProcess] Scheduler: Sending due task run-task-ten-seconds (extract)
[2022-12-04 04:42:09,499: INFO/MainProcess] Scheduler: Sending due task run-task-ten-seconds (extract)
[2022-12-04 04:42:16,409: INFO/MainProcess] Scheduler: Sending due task run-task-ten-seconds (extract)
[2022-12-04 04:42:19,499: INFO/MainProcess] Scheduler: Sending due task run-task-ten-seconds (extract)
[2022-12-04 04:42:26,409: INFO/MainProcess] Scheduler: Sending due task run-task-ten-seconds (extract)
[2022-12-04 04:42:29,499: INFO/MainProcess] Scheduler: Sending due task run-task-ten-seconds (extract)
[2022-12-04 04:42:36,410: INFO/MainProcess] Scheduler: Sending due task run-task-ten-seconds (extract)
[2022-12-04 04:42:39,499: INFO/MainProcess] Scheduler: Sending due task run-task-ten-seconds (extract)
[2022-12-04 04:42:46,410: INFO/MainProcess] Scheduler: Sending due task run-task-ten-seconds (extract)
[2022-12-04 04:42:49,499: INFO/MainProcess] Scheduler: Sending due task run-task-ten-seconds (extract)
[2022-12-04 04:42:56,410: INFO/MainProcess] Scheduler: Sending due task run-task-ten-seconds (extract)
[2022-12-04 04:42:59,499: INFO/MainProcess] Scheduler: Sending due task run-task-ten-seconds (extract)
[2022-12-04 04:43:06,410: INFO/MainProcess] Scheduler: Sending due task run-task-ten-seconds (extract)
[2022-12-04 04:43:09,499: INFO/MainProcess] Scheduler: Sending due task run-task-ten-seconds (extract)
[2022-12-04 04:43:16,410: INFO/MainProcess] Scheduler: Sending due task run-task-ten-seconds (extract)
[2022-12-04 04:43:19,499: INFO/MainProcess] Scheduler: Sending due task run-task-ten-seconds (extract)
[2022-12-04 04:43:26,410: INFO/MainProcess] Scheduler: Sending due task run-task-ten-seconds (extract)
[2022-12-04 04:43:29,499: INFO/MainProcess] Scheduler: Sending due task run-task-ten-seconds (extract)
[2022-12-04 04:43:36,410: INFO/MainProcess] Scheduler: Sending due task run-task-ten-seconds (extract)
[2022-12-04 04:43:39,506: INFO/MainProcess] Scheduler: Sending due task run-task-ten-seconds (extract)
[2022-12-04 04:43:46,411: INFO/MainProcess] Scheduler: Sending due task run-task-ten-seconds (extract)
[2022-12-04 04:43:49,506: INFO/MainProcess] Scheduler: Sending due task run-task-ten-seconds (extract)
[2022-12-04 04:43:56,411: INFO/MainProcess] Scheduler: Sending due task run-task-ten-seconds (extract)
[2022-12-04 04:43:59,506: INFO/MainProcess] Scheduler: Sending due task run-task-ten-seconds (extract)
[2022-12-04 04:44:06,411: INFO/MainProcess] Scheduler: Sending due task run-task-ten-seconds (extract)
[2022-12-04 04:44:09,506: INFO/MainProcess] Scheduler: Sending due task run-task-ten-seconds (extract)
[2022-12-04 04:44:16,411: INFO/MainProcess] Scheduler: Sending due task run-task-ten-seconds (extract)
[2022-12-04 04:44:19,506: INFO/MainProcess] Scheduler: Sending due task run-task-ten-seconds (extract)
[2022-12-04 04:44:26,411: INFO/MainProcess] Scheduler: Sending due task run-task-ten-seconds (extract)
[2022-12-04 04:44:29,506: INFO/MainProcess] Scheduler: Sending due task run-task-ten-seconds (extract)
[2022-12-04 04:44:36,411: INFO/MainProcess] Scheduler: Sending due task run-task-ten-seconds (extract)
[2022-12-04 04:44:39,507: INFO/MainProcess] Scheduler: Sending due task run-task-ten-seconds (extract)
[2022-12-04 04:44:46,412: INFO/MainProcess] Scheduler: Sending due task run-task-ten-seconds (extract)
[2022-12-04 04:44:49,508: INFO/MainProcess] Scheduler: Sending due task run-task-ten-seconds (extract)
[2022-12-04 04:44:56,412: INFO/MainProcess] Scheduler: Sending due task run-task-ten-seconds (extract)
[2022-12-04 04:44:59,508: INFO/MainProcess] Scheduler: Sending due task run-task-ten-seconds (extract)
[2022-12-04 04:45:06,412: INFO/MainProcess] Scheduler: Sending due task run-task-ten-seconds (extract)
[2022-12-04 04:45:09,508: INFO/MainProcess] Scheduler: Sending due task run-task-ten-seconds (extract)
[2022-12-04 04:45:16,412: INFO/MainProcess] Scheduler: Sending due task run-task-ten-seconds (extract)
[2022-12-04 04:45:19,508: INFO/MainProcess] Scheduler: Sending due task run-task-ten-seconds (extract)
[2022-12-04 04:45:26,412: INFO/MainProcess] Scheduler: Sending due task run-task-ten-seconds (extract)
[2022-12-04 04:45:29,508: INFO/MainProcess] Scheduler: Sending due task run-task-ten-seconds (extract)
[2022-12-04 04:45:36,413: INFO/MainProcess] Scheduler: Sending due task run-task-ten-seconds (extract)
[2022-12-04 04:45:39,509: INFO/MainProcess] Scheduler: Sending due task run-task-ten-seconds (extract)
[2022-12-04 04:45:46,413: INFO/MainProcess] Scheduler: Sending due task run-task-ten-seconds (extract)
[2022-12-04 04:45:49,509: INFO/MainProcess] Scheduler: Sending due task run-task-ten-seconds (extract)
[2022-12-04 04:45:56,413: INFO/MainProcess] Scheduler: Sending due task run-task-ten-seconds (extract)
[2022-12-04 04:45:59,509: INFO/MainProcess] Scheduler: Sending due task run-task-ten-seconds (extract)
[2022-12-04 04:46:06,413: INFO/MainProcess] Scheduler: Sending due task run-task-ten-seconds (extract)
[2022-12-04 04:46:09,509: INFO/MainProcess] Scheduler: Sending due task run-task-ten-seconds (extract)
[2022-12-04 04:46:16,413: INFO/MainProcess] Scheduler: Sending due task run-task-ten-seconds (extract)
[2022-12-04 04:46:19,510: INFO/MainProcess] Scheduler: Sending due task run-task-ten-seconds (extract)
[2022-12-04 04:46:26,414: INFO/MainProcess] Scheduler: Sending due task run-task-ten-seconds (extract)
[2022-12-04 04:46:29,510: INFO/MainProcess] Scheduler: Sending due task run-task-ten-seconds (extract)
[2022-12-04 04:46:36,414: INFO/MainProcess] Scheduler: Sending due task run-task-ten-seconds (extract)
[2022-12-04 04:46:39,511: INFO/MainProcess] Scheduler: Sending due task run-task-ten-seconds (extract)
[2022-12-04 04:46:46,414: INFO/MainProcess] Scheduler: Sending due task run-task-ten-seconds (extract)
[2022-12-04 04:46:49,511: INFO/MainProcess] Scheduler: Sending due task run-task-ten-seconds (extract)
[2022-12-04 04:46:56,414: INFO/MainProcess] Scheduler: Sending due task run-task-ten-seconds (extract)
[2022-12-04 04:46:59,511: INFO/MainProcess] Scheduler: Sending due task run-task-ten-seconds (extract)
[2022-12-04 04:47:06,414: INFO/MainProcess] Scheduler: Sending due task run-task-ten-seconds (extract)
[2022-12-04 04:47:09,511: INFO/MainProcess] Scheduler: Sending due task run-task-ten-seconds (extract)
[2022-12-04 04:47:16,414: INFO/MainProcess] Scheduler: Sending due task run-task-ten-seconds (extract)
[2022-12-04 04:47:19,512: INFO/MainProcess] Scheduler: Sending due task run-task-ten-seconds (extract)
[2022-12-04 04:47:26,414: INFO/MainProcess] Scheduler: Sending due task run-task-ten-seconds (extract)
[2022-12-04 04:47:29,512: INFO/MainProcess] Scheduler: Sending due task run-task-ten-seconds (extract)
[2022-12-04 04:47:36,415: INFO/MainProcess] Scheduler: Sending due task run-task-ten-seconds (extract)
[2022-12-04 04:47:39,513: INFO/MainProcess] Scheduler: Sending due task run-task-ten-seconds (extract)
[2022-12-04 04:47:46,415: INFO/MainProcess] Scheduler: Sending due task run-task-ten-seconds (extract)
[2022-12-04 04:47:49,513: INFO/MainProcess] Scheduler: Sending due task run-task-ten-seconds (extract)
[2022-12-04 04:47:56,415: INFO/MainProcess] Scheduler: Sending due task run-task-ten-seconds (extract)
[2022-12-04 04:47:59,513: INFO/MainProcess] Scheduler: Sending due task run-task-ten-seconds (extract)
[2022-12-04 04:48:06,415: INFO/MainProcess] Scheduler: Sending due task run-task-ten-seconds (extract)
[2022-12-04 04:48:09,514: INFO/MainProcess] Scheduler: Sending due task run-task-ten-seconds (extract)
[2022-12-04 04:48:16,415: INFO/MainProcess] Scheduler: Sending due task run-task-ten-seconds (extract)
[2022-12-04 04:48:19,514: INFO/MainProcess] Scheduler: Sending due task run-task-ten-seconds (extract)
[2022-12-04 04:48:26,415: INFO/MainProcess] Scheduler: Sending due task run-task-ten-seconds (extract)
[2022-12-04 04:48:29,514: INFO/MainProcess] Scheduler: Sending due task run-task-ten-seconds (extract)
[2022-12-04 04:48:36,416: INFO/MainProcess] Scheduler: Sending due task run-task-ten-seconds (extract)
[2022-12-04 04:48:39,514: INFO/MainProcess] Scheduler: Sending due task run-task-ten-seconds (extract)
[2022-12-04 04:48:46,416: INFO/MainProcess] Scheduler: Sending due task run-task-ten-seconds (extract)
[2022-12-04 04:48:49,515: INFO/MainProcess] Scheduler: Sending due task run-task-ten-seconds (extract)
[2022-12-04 04:48:56,416: INFO/MainProcess] Scheduler: Sending due task run-task-ten-seconds (extract)
[2022-12-04 04:48:59,515: INFO/MainProcess] Scheduler: Sending due task run-task-ten-seconds (extract)
[2022-12-04 04:49:06,416: INFO/MainProcess] Scheduler: Sending due task run-task-ten-seconds (extract)
[2022-12-04 04:49:09,515: INFO/MainProcess] Scheduler: Sending due task run-task-ten-seconds (extract)
[2022-12-04 04:49:16,416: INFO/MainProcess] Scheduler: Sending due task run-task-ten-seconds (extract)
[2022-12-04 04:49:19,515: INFO/MainProcess] Scheduler: Sending due task run-task-ten-seconds (extract)
[2022-12-04 04:49:26,416: INFO/MainProcess] Scheduler: Sending due task run-task-ten-seconds (extract)
[2022-12-04 04:49:29,515: INFO/MainProcess] Scheduler: Sending due task run-task-ten-seconds (extract)
[2022-12-04 04:49:36,416: INFO/MainProcess] Scheduler: Sending due task run-task-ten-seconds (extract)
[2022-12-04 04:49:39,517: INFO/MainProcess] Scheduler: Sending due task run-task-ten-seconds (extract)
[2022-12-04 04:49:46,416: INFO/MainProcess] Scheduler: Sending due task run-task-ten-seconds (extract)
[2022-12-04 04:49:49,517: INFO/MainProcess] Scheduler: Sending due task run-task-ten-seconds (extract)
[2022-12-04 04:49:56,416: INFO/MainProcess] Scheduler: Sending due task run-task-ten-seconds (extract)
[2022-12-04 04:49:59,517: INFO/MainProcess] Scheduler: Sending due task run-task-ten-seconds (extract)
[2022-12-04 04:50:06,417: INFO/MainProcess] Scheduler: Sending due task run-task-ten-seconds (extract)
[2022-12-04 04:50:09,518: INFO/MainProcess] Scheduler: Sending due task run-task-ten-seconds (extract)
[2022-12-04 04:50:16,417: INFO/MainProcess] Scheduler: Sending due task run-task-ten-seconds (extract)
[2022-12-04 04:50:19,518: INFO/MainProcess] Scheduler: Sending due task run-task-ten-seconds (extract)
[2022-12-04 04:50:26,417: INFO/MainProcess] Scheduler: Sending due task run-task-ten-seconds (extract)
[2022-12-04 04:50:29,518: INFO/MainProcess] Scheduler: Sending due task run-task-ten-seconds (extract)
[2022-12-04 04:50:36,417: INFO/MainProcess] Scheduler: Sending due task run-task-ten-seconds (extract)
[2022-12-04 04:50:39,518: INFO/MainProcess] Scheduler: Sending due task run-task-ten-seconds (extract)
[2022-12-04 04:50:46,418: INFO/MainProcess] Scheduler: Sending due task run-task-ten-seconds (extract)
[2022-12-04 04:50:49,518: INFO/MainProcess] Scheduler: Sending due task run-task-ten-seconds (extract)
[2022-12-04 04:50:56,418: INFO/MainProcess] Scheduler: Sending due task run-task-ten-seconds (extract)
[2022-12-04 04:50:59,519: INFO/MainProcess] Scheduler: Sending due task run-task-ten-seconds (extract)
[2022-12-04 04:51:06,418: INFO/MainProcess] Scheduler: Sending due task run-task-ten-seconds (extract)
[2022-12-04 04:51:09,519: INFO/MainProcess] Scheduler: Sending due task run-task-ten-seconds (extract)
[2022-12-04 04:51:16,418: INFO/MainProcess] Scheduler: Sending due task run-task-ten-seconds (extract)
[2022-12-04 04:51:19,519: INFO/MainProcess] Scheduler: Sending due task run-task-ten-seconds (extract)
[2022-12-04 04:51:26,418: INFO/MainProcess] Scheduler: Sending due task run-task-ten-seconds (extract)
[2022-12-04 04:51:29,519: INFO/MainProcess] Scheduler: Sending due task run-task-ten-seconds (extract)
[2022-12-04 04:51:36,419: INFO/MainProcess] Scheduler: Sending due task run-task-ten-seconds (extract)
[2022-12-04 04:51:39,519: INFO/MainProcess] Scheduler: Sending due task run-task-ten-seconds (extract)
[2022-12-04 04:51:46,419: INFO/MainProcess] Scheduler: Sending due task run-task-ten-seconds (extract)
[2022-12-04 04:51:49,519: INFO/MainProcess] Scheduler: Sending due task run-task-ten-seconds (extract)
[2022-12-04 04:51:56,419: INFO/MainProcess] Scheduler: Sending due task run-task-ten-seconds (extract)
[2022-12-04 04:51:59,520: INFO/MainProcess] Scheduler: Sending due task run-task-ten-seconds (extract)
[2022-12-04 04:52:06,419: INFO/MainProcess] Scheduler: Sending due task run-task-ten-seconds (extract)
[2022-12-04 04:52:09,520: INFO/MainProcess] Scheduler: Sending due task run-task-ten-seconds (extract)
[2022-12-04 04:52:16,419: INFO/MainProcess] Scheduler: Sending due task run-task-ten-seconds (extract)
[2022-12-04 04:52:19,520: INFO/MainProcess] Scheduler: Sending due task run-task-ten-seconds (extract)
[2022-12-04 04:52:26,419: INFO/MainProcess] Scheduler: Sending due task run-task-ten-seconds (extract)
[2022-12-04 04:52:29,520: INFO/MainProcess] Scheduler: Sending due task run-task-ten-seconds (extract)
[2022-12-04 04:52:36,419: INFO/MainProcess] Scheduler: Sending due task run-task-ten-seconds (extract)
[2022-12-04 04:52:39,520: INFO/MainProcess] Scheduler: Sending due task run-task-ten-seconds (extract)
[2022-12-04 04:52:46,419: INFO/MainProcess] Scheduler: Sending due task run-task-ten-seconds (extract)
[2022-12-04 04:52:49,521: INFO/MainProcess] Scheduler: Sending due task run-task-ten-seconds (extract)
[2022-12-04 04:52:56,419: INFO/MainProcess] Scheduler: Sending due task run-task-ten-seconds (extract)
[2022-12-04 04:52:59,521: INFO/MainProcess] Scheduler: Sending due task run-task-ten-seconds (extract)
[2022-12-04 04:53:06,419: INFO/MainProcess] Scheduler: Sending due task run-task-ten-seconds (extract)
[2022-12-04 04:53:09,521: INFO/MainProcess] Scheduler: Sending due task run-task-ten-seconds (extract)
[2022-12-04 04:53:16,420: INFO/MainProcess] Scheduler: Sending due task run-task-ten-seconds (extract)
[2022-12-04 04:53:19,521: INFO/MainProcess] Scheduler: Sending due task run-task-ten-seconds (extract)
[2022-12-04 04:53:26,420: INFO/MainProcess] Scheduler: Sending due task run-task-ten-seconds (extract)
[2022-12-04 04:53:29,521: INFO/MainProcess] Scheduler: Sending due task run-task-ten-seconds (extract)
[2022-12-04 04:53:36,420: INFO/MainProcess] Scheduler: Sending due task run-task-ten-seconds (extract)
[2022-12-04 04:53:39,522: INFO/MainProcess] Scheduler: Sending due task run-task-ten-seconds (extract)
[2022-12-04 04:53:46,420: INFO/MainProcess] Scheduler: Sending due task run-task-ten-seconds (extract)
[2022-12-04 04:53:49,522: INFO/MainProcess] Scheduler: Sending due task run-task-ten-seconds (extract)
[2022-12-04 04:53:56,420: INFO/MainProcess] Scheduler: Sending due task run-task-ten-seconds (extract)
[2022-12-04 04:53:59,522: INFO/MainProcess] Scheduler: Sending due task run-task-ten-seconds (extract)
[2022-12-04 04:54:06,421: INFO/MainProcess] Scheduler: Sending due task run-task-ten-seconds (extract)
[2022-12-04 04:54:09,523: INFO/MainProcess] Scheduler: Sending due task run-task-ten-seconds (extract)
[2022-12-04 04:54:16,421: INFO/MainProcess] Scheduler: Sending due task run-task-ten-seconds (extract)
[2022-12-04 04:54:19,523: INFO/MainProcess] Scheduler: Sending due task run-task-ten-seconds (extract)
[2022-12-04 04:54:26,422: INFO/MainProcess] Scheduler: Sending due task run-task-ten-seconds (extract)
[2022-12-04 04:54:29,523: INFO/MainProcess] Scheduler: Sending due task run-task-ten-seconds (extract)
[2022-12-04 04:54:36,422: INFO/MainProcess] Scheduler: Sending due task run-task-ten-seconds (extract)
[2022-12-04 04:54:39,523: INFO/MainProcess] Scheduler: Sending due task run-task-ten-seconds (extract)
[2022-12-04 04:54:46,422: INFO/MainProcess] Scheduler: Sending due task run-task-ten-seconds (extract)
[2022-12-04 04:54:49,523: INFO/MainProcess] Scheduler: Sending due task run-task-ten-seconds (extract)
[2022-12-04 04:54:56,422: INFO/MainProcess] Scheduler: Sending due task run-task-ten-seconds (extract)
[2022-12-04 04:54:59,524: INFO/MainProcess] Scheduler: Sending due task run-task-ten-seconds (extract)
[2022-12-04 04:55:06,423: INFO/MainProcess] Scheduler: Sending due task run-task-ten-seconds (extract)
[2022-12-04 04:55:09,524: INFO/MainProcess] Scheduler: Sending due task run-task-ten-seconds (extract)
[2022-12-04 04:55:16,423: INFO/MainProcess] Scheduler: Sending due task run-task-ten-seconds (extract)
[2022-12-04 04:55:19,524: INFO/MainProcess] Scheduler: Sending due task run-task-ten-seconds (extract)
[2022-12-04 04:55:26,423: INFO/MainProcess] Scheduler: Sending due task run-task-ten-seconds (extract)
[2022-12-04 04:55:29,524: INFO/MainProcess] Scheduler: Sending due task run-task-ten-seconds (extract)
[2022-12-04 04:55:36,423: INFO/MainProcess] Scheduler: Sending due task run-task-ten-seconds (extract)
[2022-12-04 04:55:39,524: INFO/MainProcess] Scheduler: Sending due task run-task-ten-seconds (extract)
[2022-12-04 04:55:46,423: INFO/MainProcess] Scheduler: Sending due task run-task-ten-seconds (extract)
[2022-12-04 04:55:49,525: INFO/MainProcess] Scheduler: Sending due task run-task-ten-seconds (extract)
[2022-12-04 04:55:56,423: INFO/MainProcess] Scheduler: Sending due task run-task-ten-seconds (extract)
[2022-12-04 04:55:59,525: INFO/MainProcess] Scheduler: Sending due task run-task-ten-seconds (extract)
[2022-12-04 04:56:06,423: INFO/MainProcess] Scheduler: Sending due task run-task-ten-seconds (extract)
[2022-12-04 04:56:09,525: INFO/MainProcess] Scheduler: Sending due task run-task-ten-seconds (extract)
[2022-12-04 04:56:16,423: INFO/MainProcess] Scheduler: Sending due task run-task-ten-seconds (extract)
[2022-12-04 04:56:19,526: INFO/MainProcess] Scheduler: Sending due task run-task-ten-seconds (extract)
[2022-12-04 04:56:26,423: INFO/MainProcess] Scheduler: Sending due task run-task-ten-seconds (extract)
[2022-12-04 04:56:29,526: INFO/MainProcess] Scheduler: Sending due task run-task-ten-seconds (extract)
[2022-12-04 04:56:36,423: INFO/MainProcess] Scheduler: Sending due task run-task-ten-seconds (extract)
[2022-12-04 04:56:39,526: INFO/MainProcess] Scheduler: Sending due task run-task-ten-seconds (extract)
[2022-12-04 04:56:46,423: INFO/MainProcess] Scheduler: Sending due task run-task-ten-seconds (extract)
[2022-12-04 04:56:49,526: INFO/MainProcess] Scheduler: Sending due task run-task-ten-seconds (extract)
[2022-12-04 04:56:56,424: INFO/MainProcess] Scheduler: Sending due task run-task-ten-seconds (extract)
[2022-12-04 04:56:59,526: INFO/MainProcess] Scheduler: Sending due task run-task-ten-seconds (extract)
[2022-12-04 04:57:06,424: INFO/MainProcess] Scheduler: Sending due task run-task-ten-seconds (extract)
[2022-12-04 04:57:09,526: INFO/MainProcess] Scheduler: Sending due task run-task-ten-seconds (extract)
[2022-12-04 04:57:16,424: INFO/MainProcess] Scheduler: Sending due task run-task-ten-seconds (extract)
[2022-12-04 04:57:19,526: INFO/MainProcess] Scheduler: Sending due task run-task-ten-seconds (extract)
[2022-12-04 04:57:26,424: INFO/MainProcess] Scheduler: Sending due task run-task-ten-seconds (extract)
[2022-12-04 04:57:29,527: INFO/MainProcess] Scheduler: Sending due task run-task-ten-seconds (extract)
[2022-12-04 04:57:36,424: INFO/MainProcess] Scheduler: Sending due task run-task-ten-seconds (extract)
[2022-12-04 04:57:39,527: INFO/MainProcess] Scheduler: Sending due task run-task-ten-seconds (extract)
[2022-12-04 04:57:46,424: INFO/MainProcess] Scheduler: Sending due task run-task-ten-seconds (extract)
[2022-12-04 04:57:49,527: INFO/MainProcess] Scheduler: Sending due task run-task-ten-seconds (extract)
[2022-12-04 04:57:56,424: INFO/MainProcess] Scheduler: Sending due task run-task-ten-seconds (extract)
[2022-12-04 04:57:59,528: INFO/MainProcess] Scheduler: Sending due task run-task-ten-seconds (extract)
[2022-12-04 04:58:06,425: INFO/MainProcess] Scheduler: Sending due task run-task-ten-seconds (extract)
[2022-12-04 04:58:09,528: INFO/MainProcess] Scheduler: Sending due task run-task-ten-seconds (extract)
[2022-12-04 04:58:16,425: INFO/MainProcess] Scheduler: Sending due task run-task-ten-seconds (extract)
[2022-12-04 04:58:19,528: INFO/MainProcess] Scheduler: Sending due task run-task-ten-seconds (extract)
[2022-12-04 04:58:26,425: INFO/MainProcess] Scheduler: Sending due task run-task-ten-seconds (extract)
[2022-12-04 04:58:29,528: INFO/MainProcess] Scheduler: Sending due task run-task-ten-seconds (extract)
[2022-12-04 04:58:36,426: INFO/MainProcess] Scheduler: Sending due task run-task-ten-seconds (extract)
[2022-12-04 04:58:39,532: INFO/MainProcess] Scheduler: Sending due task run-task-ten-seconds (extract)
[2022-12-04 04:58:46,426: INFO/MainProcess] Scheduler: Sending due task run-task-ten-seconds (extract)
[2022-12-04 04:58:49,532: INFO/MainProcess] Scheduler: Sending due task run-task-ten-seconds (extract)
[2022-12-04 04:58:56,426: INFO/MainProcess] Scheduler: Sending due task run-task-ten-seconds (extract)
[2022-12-04 04:58:59,532: INFO/MainProcess] Scheduler: Sending due task run-task-ten-seconds (extract)
[2022-12-04 04:59:06,426: INFO/MainProcess] Scheduler: Sending due task run-task-ten-seconds (extract)
[2022-12-04 04:59:09,532: INFO/MainProcess] Scheduler: Sending due task run-task-ten-seconds (extract)
[2022-12-04 04:59:16,427: INFO/MainProcess] Scheduler: Sending due task run-task-ten-seconds (extract)
[2022-12-04 04:59:19,532: INFO/MainProcess] Scheduler: Sending due task run-task-ten-seconds (extract)
[2022-12-04 04:59:26,427: INFO/MainProcess] Scheduler: Sending due task run-task-ten-seconds (extract)
[2022-12-04 04:59:29,532: INFO/MainProcess] Scheduler: Sending due task run-task-ten-seconds (extract)
[2022-12-04 04:59:36,427: INFO/MainProcess] Scheduler: Sending due task run-task-ten-seconds (extract)
[2022-12-04 04:59:39,533: INFO/MainProcess] Scheduler: Sending due task run-task-ten-seconds (extract)
[2022-12-04 04:59:46,427: INFO/MainProcess] Scheduler: Sending due task run-task-ten-seconds (extract)
[2022-12-04 04:59:49,533: INFO/MainProcess] Scheduler: Sending due task run-task-ten-seconds (extract)
[2022-12-04 04:59:56,428: INFO/MainProcess] Scheduler: Sending due task run-task-ten-seconds (extract)
[2022-12-04 04:59:59,533: INFO/MainProcess] Scheduler: Sending due task run-task-ten-seconds (extract)
[2022-12-04 05:00:06,428: INFO/MainProcess] Scheduler: Sending due task run-task-ten-seconds (extract)
[2022-12-04 05:00:09,533: INFO/MainProcess] Scheduler: Sending due task run-task-ten-seconds (extract)
[2022-12-04 05:00:16,428: INFO/MainProcess] Scheduler: Sending due task run-task-ten-seconds (extract)
[2022-12-04 05:00:19,533: INFO/MainProcess] Scheduler: Sending due task run-task-ten-seconds (extract)
[2022-12-04 05:00:26,428: INFO/MainProcess] Scheduler: Sending due task run-task-ten-seconds (extract)
[2022-12-04 05:00:29,534: INFO/MainProcess] Scheduler: Sending due task run-task-ten-seconds (extract)
[2022-12-04 05:00:36,428: INFO/MainProcess] Scheduler: Sending due task run-task-ten-seconds (extract)
[2022-12-04 05:00:39,534: INFO/MainProcess] Scheduler: Sending due task run-task-ten-seconds (extract)
[2022-12-04 05:00:46,428: INFO/MainProcess] Scheduler: Sending due task run-task-ten-seconds (extract)
[2022-12-04 05:00:49,534: INFO/MainProcess] Scheduler: Sending due task run-task-ten-seconds (extract)
[2022-12-04 05:00:56,428: INFO/MainProcess] Scheduler: Sending due task run-task-ten-seconds (extract)
[2022-12-04 05:00:59,534: INFO/MainProcess] Scheduler: Sending due task run-task-ten-seconds (extract)
[2022-12-04 05:01:06,428: INFO/MainProcess] Scheduler: Sending due task run-task-ten-seconds (extract)
[2022-12-04 05:01:09,534: INFO/MainProcess] Scheduler: Sending due task run-task-ten-seconds (extract)
[2022-12-04 05:01:16,429: INFO/MainProcess] Scheduler: Sending due task run-task-ten-seconds (extract)
[2022-12-04 05:01:19,535: INFO/MainProcess] Scheduler: Sending due task run-task-ten-seconds (extract)
[2022-12-04 05:01:26,429: INFO/MainProcess] Scheduler: Sending due task run-task-ten-seconds (extract)
[2022-12-04 05:01:29,535: INFO/MainProcess] Scheduler: Sending due task run-task-ten-seconds (extract)
[2022-12-04 05:01:36,429: INFO/MainProcess] Scheduler: Sending due task run-task-ten-seconds (extract)
[2022-12-04 05:01:39,542: INFO/MainProcess] Scheduler: Sending due task run-task-ten-seconds (extract)
[2022-12-04 05:01:46,430: INFO/MainProcess] Scheduler: Sending due task run-task-ten-seconds (extract)
[2022-12-04 05:01:49,543: INFO/MainProcess] Scheduler: Sending due task run-task-ten-seconds (extract)
[2022-12-04 05:01:56,430: INFO/MainProcess] Scheduler: Sending due task run-task-ten-seconds (extract)
[2022-12-04 05:01:59,543: INFO/MainProcess] Scheduler: Sending due task run-task-ten-seconds (extract)
[2022-12-04 05:02:06,430: INFO/MainProcess] Scheduler: Sending due task run-task-ten-seconds (extract)
[2022-12-04 05:02:09,543: INFO/MainProcess] Scheduler: Sending due task run-task-ten-seconds (extract)
[2022-12-04 05:02:16,430: INFO/MainProcess] Scheduler: Sending due task run-task-ten-seconds (extract)
[2022-12-04 05:02:19,543: INFO/MainProcess] Scheduler: Sending due task run-task-ten-seconds (extract)
[2022-12-04 05:02:26,430: INFO/MainProcess] Scheduler: Sending due task run-task-ten-seconds (extract)
[2022-12-04 05:02:29,543: INFO/MainProcess] Scheduler: Sending due task run-task-ten-seconds (extract)
[2022-12-04 05:02:36,431: INFO/MainProcess] Scheduler: Sending due task run-task-ten-seconds (extract)
[2022-12-04 05:02:39,543: INFO/MainProcess] Scheduler: Sending due task run-task-ten-seconds (extract)
[2022-12-04 05:02:46,431: INFO/MainProcess] Scheduler: Sending due task run-task-ten-seconds (extract)
[2022-12-04 05:02:49,543: INFO/MainProcess] Scheduler: Sending due task run-task-ten-seconds (extract)
[2022-12-04 05:02:56,431: INFO/MainProcess] Scheduler: Sending due task run-task-ten-seconds (extract)
[2022-12-04 05:02:59,543: INFO/MainProcess] Scheduler: Sending due task run-task-ten-seconds (extract)
[2022-12-04 05:03:06,431: INFO/MainProcess] Scheduler: Sending due task run-task-ten-seconds (extract)
[2022-12-04 05:03:09,544: INFO/MainProcess] Scheduler: Sending due task run-task-ten-seconds (extract)
[2022-12-04 05:03:16,431: INFO/MainProcess] Scheduler: Sending due task run-task-ten-seconds (extract)
[2022-12-04 05:03:19,544: INFO/MainProcess] Scheduler: Sending due task run-task-ten-seconds (extract)
[2022-12-04 05:03:26,431: INFO/MainProcess] Scheduler: Sending due task run-task-ten-seconds (extract)
[2022-12-04 05:03:29,544: INFO/MainProcess] Scheduler: Sending due task run-task-ten-seconds (extract)
[2022-12-04 05:03:36,431: INFO/MainProcess] Scheduler: Sending due task run-task-ten-seconds (extract)
[2022-12-04 05:03:39,544: INFO/MainProcess] Scheduler: Sending due task run-task-ten-seconds (extract)
[2022-12-04 05:03:46,432: INFO/MainProcess] Scheduler: Sending due task run-task-ten-seconds (extract)
[2022-12-04 05:03:49,544: INFO/MainProcess] Scheduler: Sending due task run-task-ten-seconds (extract)
[2022-12-04 05:03:56,432: INFO/MainProcess] Scheduler: Sending due task run-task-ten-seconds (extract)
[2022-12-04 05:03:59,544: INFO/MainProcess] Scheduler: Sending due task run-task-ten-seconds (extract)
[2022-12-04 05:04:06,432: INFO/MainProcess] Scheduler: Sending due task run-task-ten-seconds (extract)
[2022-12-04 05:04:09,544: INFO/MainProcess] Scheduler: Sending due task run-task-ten-seconds (extract)
[2022-12-04 05:04:16,432: INFO/MainProcess] Scheduler: Sending due task run-task-ten-seconds (extract)
[2022-12-04 05:04:19,544: INFO/MainProcess] Scheduler: Sending due task run-task-ten-seconds (extract)
[2022-12-04 05:04:26,433: INFO/MainProcess] Scheduler: Sending due task run-task-ten-seconds (extract)
[2022-12-04 05:04:29,545: INFO/MainProcess] Scheduler: Sending due task run-task-ten-seconds (extract)
[2022-12-04 05:04:36,433: INFO/MainProcess] Scheduler: Sending due task run-task-ten-seconds (extract)
[2022-12-04 05:04:39,545: INFO/MainProcess] Scheduler: Sending due task run-task-ten-seconds (extract)
[2022-12-04 05:04:46,433: INFO/MainProcess] Scheduler: Sending due task run-task-ten-seconds (extract)
[2022-12-04 05:04:49,545: INFO/MainProcess] Scheduler: Sending due task run-task-ten-seconds (extract)
[2022-12-04 05:04:56,437: INFO/MainProcess] Scheduler: Sending due task run-task-ten-seconds (extract)
[2022-12-04 05:04:59,545: INFO/MainProcess] Scheduler: Sending due task run-task-ten-seconds (extract)
[2022-12-04 05:05:06,437: INFO/MainProcess] Scheduler: Sending due task run-task-ten-seconds (extract)
[2022-12-04 05:05:09,545: INFO/MainProcess] Scheduler: Sending due task run-task-ten-seconds (extract)
[2022-12-04 05:05:16,437: INFO/MainProcess] Scheduler: Sending due task run-task-ten-seconds (extract)
[2022-12-04 05:05:19,545: INFO/MainProcess] Scheduler: Sending due task run-task-ten-seconds (extract)
[2022-12-04 05:05:26,437: INFO/MainProcess] Scheduler: Sending due task run-task-ten-seconds (extract)
[2022-12-04 05:05:29,546: INFO/MainProcess] Scheduler: Sending due task run-task-ten-seconds (extract)
[2022-12-04 05:05:36,437: INFO/MainProcess] Scheduler: Sending due task run-task-ten-seconds (extract)
[2022-12-04 05:05:39,546: INFO/MainProcess] Scheduler: Sending due task run-task-ten-seconds (extract)
[2022-12-04 05:05:46,437: INFO/MainProcess] Scheduler: Sending due task run-task-ten-seconds (extract)
[2022-12-04 05:05:49,547: INFO/MainProcess] Scheduler: Sending due task run-task-ten-seconds (extract)
[2022-12-04 05:05:56,437: INFO/MainProcess] Scheduler: Sending due task run-task-ten-seconds (extract)
[2022-12-04 05:05:59,547: INFO/MainProcess] Scheduler: Sending due task run-task-ten-seconds (extract)
[2022-12-04 05:06:06,438: INFO/MainProcess] Scheduler: Sending due task run-task-ten-seconds (extract)
[2022-12-04 05:06:09,547: INFO/MainProcess] Scheduler: Sending due task run-task-ten-seconds (extract)
[2022-12-04 05:06:16,438: INFO/MainProcess] Scheduler: Sending due task run-task-ten-seconds (extract)
[2022-12-04 05:06:19,547: INFO/MainProcess] Scheduler: Sending due task run-task-ten-seconds (extract)
[2022-12-04 05:06:26,438: INFO/MainProcess] Scheduler: Sending due task run-task-ten-seconds (extract)
[2022-12-04 05:06:29,547: INFO/MainProcess] Scheduler: Sending due task run-task-ten-seconds (extract)
[2022-12-04 05:06:36,438: INFO/MainProcess] Scheduler: Sending due task run-task-ten-seconds (extract)
[2022-12-04 05:06:39,547: INFO/MainProcess] Scheduler: Sending due task run-task-ten-seconds (extract)
[2022-12-04 05:06:46,438: INFO/MainProcess] Scheduler: Sending due task run-task-ten-seconds (extract)
[2022-12-04 05:06:49,547: INFO/MainProcess] Scheduler: Sending due task run-task-ten-seconds (extract)
[2022-12-04 05:06:56,438: INFO/MainProcess] Scheduler: Sending due task run-task-ten-seconds (extract)
[2022-12-04 05:06:59,547: INFO/MainProcess] Scheduler: Sending due task run-task-ten-seconds (extract)
[2022-12-04 05:07:06,438: INFO/MainProcess] Scheduler: Sending due task run-task-ten-seconds (extract)
[2022-12-04 05:07:09,548: INFO/MainProcess] Scheduler: Sending due task run-task-ten-seconds (extract)
[2022-12-04 05:07:16,438: INFO/MainProcess] Scheduler: Sending due task run-task-ten-seconds (extract)
[2022-12-04 05:07:19,548: INFO/MainProcess] Scheduler: Sending due task run-task-ten-seconds (extract)
[2022-12-04 05:07:26,438: INFO/MainProcess] Scheduler: Sending due task run-task-ten-seconds (extract)
[2022-12-04 05:07:29,548: INFO/MainProcess] Scheduler: Sending due task run-task-ten-seconds (extract)
[2022-12-04 05:07:36,439: INFO/MainProcess] Scheduler: Sending due task run-task-ten-seconds (extract)
[2022-12-04 05:07:39,548: INFO/MainProcess] Scheduler: Sending due task run-task-ten-seconds (extract)
[2022-12-04 05:07:46,439: INFO/MainProcess] Scheduler: Sending due task run-task-ten-seconds (extract)
[2022-12-04 05:07:49,548: INFO/MainProcess] Scheduler: Sending due task run-task-ten-seconds (extract)
[2022-12-04 05:07:56,440: INFO/MainProcess] Scheduler: Sending due task run-task-ten-seconds (extract)
[2022-12-04 05:07:59,548: INFO/MainProcess] Scheduler: Sending due task run-task-ten-seconds (extract)
[2022-12-04 05:08:06,441: INFO/MainProcess] Scheduler: Sending due task run-task-ten-seconds (extract)
[2022-12-04 05:08:09,548: INFO/MainProcess] Scheduler: Sending due task run-task-ten-seconds (extract)
[2022-12-04 05:08:16,441: INFO/MainProcess] Scheduler: Sending due task run-task-ten-seconds (extract)
[2022-12-04 05:08:19,549: INFO/MainProcess] Scheduler: Sending due task run-task-ten-seconds (extract)
[2022-12-04 05:08:26,441: INFO/MainProcess] Scheduler: Sending due task run-task-ten-seconds (extract)
[2022-12-04 05:08:29,549: INFO/MainProcess] Scheduler: Sending due task run-task-ten-seconds (extract)
[2022-12-04 05:08:36,441: INFO/MainProcess] Scheduler: Sending due task run-task-ten-seconds (extract)
[2022-12-04 05:08:39,550: INFO/MainProcess] Scheduler: Sending due task run-task-ten-seconds (extract)
[2022-12-04 05:08:46,442: INFO/MainProcess] Scheduler: Sending due task run-task-ten-seconds (extract)
[2022-12-04 05:08:49,550: INFO/MainProcess] Scheduler: Sending due task run-task-ten-seconds (extract)
[2022-12-04 05:08:56,442: INFO/MainProcess] Scheduler: Sending due task run-task-ten-seconds (extract)
[2022-12-04 05:08:59,550: INFO/MainProcess] Scheduler: Sending due task run-task-ten-seconds (extract)
[2022-12-04 05:09:06,442: INFO/MainProcess] Scheduler: Sending due task run-task-ten-seconds (extract)
[2022-12-04 05:09:09,550: INFO/MainProcess] Scheduler: Sending due task run-task-ten-seconds (extract)
[2022-12-04 05:09:16,442: INFO/MainProcess] Scheduler: Sending due task run-task-ten-seconds (extract)
[2022-12-04 05:09:19,550: INFO/MainProcess] Scheduler: Sending due task run-task-ten-seconds (extract)
[2022-12-04 05:09:26,442: INFO/MainProcess] Scheduler: Sending due task run-task-ten-seconds (extract)
[2022-12-04 05:09:29,550: INFO/MainProcess] Scheduler: Sending due task run-task-ten-seconds (extract)
[2022-12-04 05:09:36,442: INFO/MainProcess] Scheduler: Sending due task run-task-ten-seconds (extract)
[2022-12-04 05:09:39,551: INFO/MainProcess] Scheduler: Sending due task run-task-ten-seconds (extract)
[2022-12-04 05:09:46,442: INFO/MainProcess] Scheduler: Sending due task run-task-ten-seconds (extract)
[2022-12-04 05:09:49,551: INFO/MainProcess] Scheduler: Sending due task run-task-ten-seconds (extract)
[2022-12-04 05:09:56,443: INFO/MainProcess] Scheduler: Sending due task run-task-ten-seconds (extract)
[2022-12-04 05:09:59,551: INFO/MainProcess] Scheduler: Sending due task run-task-ten-seconds (extract)
[2022-12-04 05:10:06,443: INFO/MainProcess] Scheduler: Sending due task run-task-ten-seconds (extract)
[2022-12-04 05:10:09,551: INFO/MainProcess] Scheduler: Sending due task run-task-ten-seconds (extract)
[2022-12-04 05:10:16,443: INFO/MainProcess] Scheduler: Sending due task run-task-ten-seconds (extract)
[2022-12-04 05:10:19,551: INFO/MainProcess] Scheduler: Sending due task run-task-ten-seconds (extract)
[2022-12-04 05:10:26,443: INFO/MainProcess] Scheduler: Sending due task run-task-ten-seconds (extract)
[2022-12-04 05:10:29,551: INFO/MainProcess] Scheduler: Sending due task run-task-ten-seconds (extract)
[2022-12-04 05:10:36,443: INFO/MainProcess] Scheduler: Sending due task run-task-ten-seconds (extract)
[2022-12-04 05:10:39,551: INFO/MainProcess] Scheduler: Sending due task run-task-ten-seconds (extract)
[2022-12-04 05:10:46,443: INFO/MainProcess] Scheduler: Sending due task run-task-ten-seconds (extract)
[2022-12-04 05:10:49,551: INFO/MainProcess] Scheduler: Sending due task run-task-ten-seconds (extract)
[2022-12-04 05:10:56,443: INFO/MainProcess] Scheduler: Sending due task run-task-ten-seconds (extract)
[2022-12-04 05:10:59,551: INFO/MainProcess] Scheduler: Sending due task run-task-ten-seconds (extract)
[2022-12-04 05:11:06,443: INFO/MainProcess] Scheduler: Sending due task run-task-ten-seconds (extract)
[2022-12-04 05:11:09,551: INFO/MainProcess] Scheduler: Sending due task run-task-ten-seconds (extract)
[2022-12-04 05:11:16,443: INFO/MainProcess] Scheduler: Sending due task run-task-ten-seconds (extract)
[2022-12-04 05:11:19,551: INFO/MainProcess] Scheduler: Sending due task run-task-ten-seconds (extract)
[2022-12-04 05:11:26,443: INFO/MainProcess] Scheduler: Sending due task run-task-ten-seconds (extract)
[2022-12-04 05:11:29,552: INFO/MainProcess] Scheduler: Sending due task run-task-ten-seconds (extract)
[2022-12-04 05:11:36,444: INFO/MainProcess] Scheduler: Sending due task run-task-ten-seconds (extract)
[2022-12-04 05:11:39,552: INFO/MainProcess] Scheduler: Sending due task run-task-ten-seconds (extract)
[2022-12-04 05:11:46,444: INFO/MainProcess] Scheduler: Sending due task run-task-ten-seconds (extract)
[2022-12-04 05:11:49,552: INFO/MainProcess] Scheduler: Sending due task run-task-ten-seconds (extract)
[2022-12-04 05:11:56,444: INFO/MainProcess] Scheduler: Sending due task run-task-ten-seconds (extract)
[2022-12-04 05:11:59,552: INFO/MainProcess] Scheduler: Sending due task run-task-ten-seconds (extract)
[2022-12-04 05:12:06,444: INFO/MainProcess] Scheduler: Sending due task run-task-ten-seconds (extract)
[2022-12-04 05:12:09,552: INFO/MainProcess] Scheduler: Sending due task run-task-ten-seconds (extract)
[2022-12-04 05:12:16,444: INFO/MainProcess] Scheduler: Sending due task run-task-ten-seconds (extract)
[2022-12-04 05:12:19,552: INFO/MainProcess] Scheduler: Sending due task run-task-ten-seconds (extract)
[2022-12-04 05:12:26,444: INFO/MainProcess] Scheduler: Sending due task run-task-ten-seconds (extract)
[2022-12-04 05:12:29,553: INFO/MainProcess] Scheduler: Sending due task run-task-ten-seconds (extract)
[2022-12-04 05:12:36,444: INFO/MainProcess] Scheduler: Sending due task run-task-ten-seconds (extract)
[2022-12-04 05:12:39,553: INFO/MainProcess] Scheduler: Sending due task run-task-ten-seconds (extract)
[2022-12-04 05:12:46,445: INFO/MainProcess] Scheduler: Sending due task run-task-ten-seconds (extract)
[2022-12-04 05:12:49,553: INFO/MainProcess] Scheduler: Sending due task run-task-ten-seconds (extract)
[2022-12-04 05:12:56,445: INFO/MainProcess] Scheduler: Sending due task run-task-ten-seconds (extract)
[2022-12-04 05:12:59,553: INFO/MainProcess] Scheduler: Sending due task run-task-ten-seconds (extract)
[2022-12-04 05:13:06,445: INFO/MainProcess] Scheduler: Sending due task run-task-ten-seconds (extract)
[2022-12-04 05:13:09,554: INFO/MainProcess] Scheduler: Sending due task run-task-ten-seconds (extract)
[2022-12-04 05:13:16,446: INFO/MainProcess] Scheduler: Sending due task run-task-ten-seconds (extract)
[2022-12-04 05:13:19,554: INFO/MainProcess] Scheduler: Sending due task run-task-ten-seconds (extract)
[2022-12-04 05:13:26,446: INFO/MainProcess] Scheduler: Sending due task run-task-ten-seconds (extract)
[2022-12-04 05:13:29,554: INFO/MainProcess] Scheduler: Sending due task run-task-ten-seconds (extract)
[2022-12-04 05:13:36,446: INFO/MainProcess] Scheduler: Sending due task run-task-ten-seconds (extract)
